#
# There is insufficient memory for the Java Runtime Environment to continue.
# Native memory allocation (malloc) failed to allocate 32744 bytes for ChunkPool::allocate
# Possible reasons:
#   The system is out of physical RAM or swap space
#   In 32 bit mode, the process size limit was hit
# Possible solutions:
#   Reduce memory load on the system
#   Increase physical memory or swap space
#   Check if swap backing store is full
#   Use 64 bit Java on a 64 bit OS
#   Decrease Java heap size (-Xmx/-Xms)
#   Decrease number of Java threads
#   Decrease Java thread stack sizes (-Xss)
#   Set larger code cache with -XX:ReservedCodeCacheSize=
# This output file may be truncated or incomplete.
#
#  Out of Memory Error (allocation.cpp:273), pid=54032, tid=0x0000000000006a24
#
# JRE version: Java(TM) SE Runtime Environment (8.0_162-b12) (build 1.8.0_162-b12)
# Java VM: Java HotSpot(TM) 64-Bit Server VM (25.162-b12 mixed mode windows-amd64 compressed oops)
# Failed to write core dump. Minidumps are not enabled by default on client versions of Windows
#

---------------  T H R E A D  ---------------

Current thread (0x0000000019549000):  JavaThread "C2 CompilerThread0" daemon [_thread_in_native, id=27172, stack(0x000000001aa30000,0x000000001ab30000)]

Stack: [0x000000001aa30000,0x000000001ab30000]
[error occurred during error reporting (printing stack bounds), id 0xc0000005]

Native frames: (J=compiled Java code, j=interpreted, Vv=VM code, C=native code)


Current CompileTask:
C2:   3914 3828   !   4       java.net.URLClassLoader$1::run (63 bytes)


---------------  P R O C E S S  ---------------

Java Threads: ( => current thread )
  0x00000000195e9000 JavaThread "Service Thread" daemon [_thread_blocked, id=44196, stack(0x000000001ae30000,0x000000001af30000)]
  0x000000001955c800 JavaThread "C1 CompilerThread3" daemon [_thread_blocked, id=41760, stack(0x000000001ad30000,0x000000001ae30000)]
  0x000000001955b800 JavaThread "C2 CompilerThread2" daemon [_thread_in_native, id=20424, stack(0x000000001ac30000,0x000000001ad30000)]
  0x0000000019557000 JavaThread "C2 CompilerThread1" daemon [_thread_in_native, id=17076, stack(0x000000001ab30000,0x000000001ac30000)]
=>0x0000000019549000 JavaThread "C2 CompilerThread0" daemon [_thread_in_native, id=27172, stack(0x000000001aa30000,0x000000001ab30000)]
  0x0000000019543000 JavaThread "Attach Listener" daemon [_thread_blocked, id=10788, stack(0x000000001a930000,0x000000001aa30000)]
  0x0000000019542800 JavaThread "Signal Dispatcher" daemon [_thread_blocked, id=50432, stack(0x000000001a830000,0x000000001a930000)]
  0x00000000194d3000 JavaThread "Finalizer" daemon [_thread_blocked, id=1268, stack(0x000000001a730000,0x000000001a830000)]
  0x0000000017ded000 JavaThread "Reference Handler" daemon [_thread_blocked, id=20820, stack(0x000000001a630000,0x000000001a730000)]
  0x0000000002b02800 JavaThread "main" [_thread_in_vm, id=42472, stack(0x00000000026a0000,0x00000000027a0000)]

Other Threads:
  0x00000000194b2800 VMThread [stack: 0x000000001a530000,0x000000001a630000] [id=28644]
  0x00000000195fb800 WatcherThread [stack: 0x000000001af30000,0x000000001b030000] [id=39456]

VM state:not at safepoint (normal execution)

VM Mutex/Monitor currently owned by a thread: None

Heap:
 PSYoungGen      total 136192K, used 47083K [0x00000000d6180000, 0x00000000deb80000, 0x0000000100000000)
  eden space 131072K, 35% used [0x00000000d6180000,0x00000000d8f7afa0,0x00000000de180000)
  from space 5120K, 0% used [0x00000000de180000,0x00000000de180000,0x00000000de680000)
  to   space 5120K, 0% used [0x00000000de680000,0x00000000de680000,0x00000000deb80000)
 ParOldGen       total 72704K, used 17916K [0x0000000082400000, 0x0000000086b00000, 0x00000000d6180000)
  object space 72704K, 24% used [0x0000000082400000,0x000000008357f1c0,0x0000000086b00000)
 Metaspace       used 23203K, capacity 23734K, committed 24064K, reserved 1071104K
  class space    used 2806K, capacity 2991K, committed 3072K, reserved 1048576K

Card table byte_map: [0x00000000120a0000,0x0000000012490000] byte_map_base: 0x0000000011c8e000

Marking Bits: (ParMarkBitMap*) 0x0000000051f80860
 Begin Bits: [0x0000000013130000, 0x00000000150a0000)
 End Bits:   [0x00000000150a0000, 0x0000000017010000)

Polling page: 0x00000000005d0000

CodeCache: size=245760Kb used=13889Kb max_used=13889Kb free=231870Kb
 bounds [0x0000000002ce0000, 0x0000000003a80000, 0x0000000011ce0000]
 total_blobs=4296 nmethods=3919 adapters=289
 compilation: enabled

Compilation events (10 events):
Event: 3.883 Thread 0x000000001955c800 3933       3       java.util.Properties$LineReader::readLine (468 bytes)
Event: 3.885 Thread 0x000000001955c800 nmethod 3933 0x0000000003a76850 code [0x0000000003a76b00, 0x0000000003a784a8]
Event: 3.885 Thread 0x000000001955c800 3934       3       java.util.Properties::loadConvert (505 bytes)
Event: 3.886 Thread 0x000000001955c800 nmethod 3934 0x0000000003a78f90 code [0x0000000003a79180, 0x0000000003a79a98]
Event: 3.895 Thread 0x000000001955c800 3935       3       java.net.URLStreamHandler::sameFile (136 bytes)
Event: 3.896 Thread 0x000000001955c800 nmethod 3935 0x0000000003a7a0d0 code [0x0000000003a7a2c0, 0x0000000003a7b2c8]
Event: 3.897 Thread 0x000000001955c800 3936 %     3       java.util.Properties$LineReader::readLine @ 21 (468 bytes)
Event: 3.899 Thread 0x000000001955c800 nmethod 3936% 0x0000000003a7b510 code [0x0000000003a7b7c0, 0x0000000003a7d2e8]
Event: 3.899 Thread 0x000000001955c800 3937       1       java.util.logging.Logger::getName (5 bytes)
Event: 3.900 Thread 0x000000001955c800 nmethod 3937 0x0000000003a7de10 code [0x0000000003a7df60, 0x0000000003a7e070]

GC Heap History (10 events):
Event: 0.892 GC heap before
{Heap before GC invocations=2 (full 0):
 PSYoungGen      total 37888K, used 37627K [0x00000000d6180000, 0x00000000dab80000, 0x0000000100000000)
  eden space 32768K, 100% used [0x00000000d6180000,0x00000000d8180000,0x00000000d8180000)
  from space 5120K, 94% used [0x00000000d8180000,0x00000000d863ecc0,0x00000000d8680000)
  to   space 5120K, 0% used [0x00000000da680000,0x00000000da680000,0x00000000dab80000)
 ParOldGen       total 86016K, used 8K [0x0000000082400000, 0x0000000087800000, 0x00000000d6180000)
  object space 86016K, 0% used [0x0000000082400000,0x0000000082402000,0x0000000087800000)
 Metaspace       used 11582K, capacity 11796K, committed 12160K, reserved 1060864K
  class space    used 1454K, capacity 1544K, committed 1664K, reserved 1048576K
Event: 0.899 GC heap after
Heap after GC invocations=2 (full 0):
 PSYoungGen      total 70656K, used 5103K [0x00000000d6180000, 0x00000000dab80000, 0x0000000100000000)
  eden space 65536K, 0% used [0x00000000d6180000,0x00000000d6180000,0x00000000da180000)
  from space 5120K, 99% used [0x00000000da680000,0x00000000dab7bd68,0x00000000dab80000)
  to   space 5120K, 0% used [0x00000000da180000,0x00000000da180000,0x00000000da680000)
 ParOldGen       total 86016K, used 2179K [0x0000000082400000, 0x0000000087800000, 0x00000000d6180000)
  object space 86016K, 2% used [0x0000000082400000,0x0000000082620d38,0x0000000087800000)
 Metaspace       used 11582K, capacity 11796K, committed 12160K, reserved 1060864K
  class space    used 1454K, capacity 1544K, committed 1664K, reserved 1048576K
}
Event: 1.910 GC heap before
{Heap before GC invocations=3 (full 0):
 PSYoungGen      total 70656K, used 70639K [0x00000000d6180000, 0x00000000dab80000, 0x0000000100000000)
  eden space 65536K, 100% used [0x00000000d6180000,0x00000000da180000,0x00000000da180000)
  from space 5120K, 99% used [0x00000000da680000,0x00000000dab7bd68,0x00000000dab80000)
  to   space 5120K, 0% used [0x00000000da180000,0x00000000da180000,0x00000000da680000)
 ParOldGen       total 86016K, used 2179K [0x0000000082400000, 0x0000000087800000, 0x00000000d6180000)
  object space 86016K, 2% used [0x0000000082400000,0x0000000082620d38,0x0000000087800000)
 Metaspace       used 15418K, capacity 15800K, committed 16128K, reserved 1062912K
  class space    used 1872K, capacity 1986K, committed 2048K, reserved 1048576K
Event: 1.921 GC heap after
Heap after GC invocations=3 (full 0):
 PSYoungGen      total 70656K, used 5096K [0x00000000d6180000, 0x00000000deb80000, 0x0000000100000000)
  eden space 65536K, 0% used [0x00000000d6180000,0x00000000d6180000,0x00000000da180000)
  from space 5120K, 99% used [0x00000000da180000,0x00000000da67a040,0x00000000da680000)
  to   space 5120K, 0% used [0x00000000de680000,0x00000000de680000,0x00000000deb80000)
 ParOldGen       total 86016K, used 7206K [0x0000000082400000, 0x0000000087800000, 0x00000000d6180000)
  object space 86016K, 8% used [0x0000000082400000,0x0000000082b09850,0x0000000087800000)
 Metaspace       used 15418K, capacity 15800K, committed 16128K, reserved 1062912K
  class space    used 1872K, capacity 1986K, committed 2048K, reserved 1048576K
}
Event: 3.042 GC heap before
{Heap before GC invocations=4 (full 0):
 PSYoungGen      total 70656K, used 70632K [0x00000000d6180000, 0x00000000deb80000, 0x0000000100000000)
  eden space 65536K, 100% used [0x00000000d6180000,0x00000000da180000,0x00000000da180000)
  from space 5120K, 99% used [0x00000000da180000,0x00000000da67a040,0x00000000da680000)
  to   space 5120K, 0% used [0x00000000de680000,0x00000000de680000,0x00000000deb80000)
 ParOldGen       total 86016K, used 7206K [0x0000000082400000, 0x0000000087800000, 0x00000000d6180000)
  object space 86016K, 8% used [0x0000000082400000,0x0000000082b09850,0x0000000087800000)
 Metaspace       used 20467K, capacity 20960K, committed 21120K, reserved 1067008K
  class space    used 2471K, capacity 2620K, committed 2688K, reserved 1048576K
Event: 3.056 GC heap after
Heap after GC invocations=4 (full 0):
 PSYoungGen      total 136192K, used 5112K [0x00000000d6180000, 0x00000000deb80000, 0x0000000100000000)
  eden space 131072K, 0% used [0x00000000d6180000,0x00000000d6180000,0x00000000de180000)
  from space 5120K, 99% used [0x00000000de680000,0x00000000deb7e030,0x00000000deb80000)
  to   space 5120K, 0% used [0x00000000de180000,0x00000000de180000,0x00000000de680000)
 ParOldGen       total 86016K, used 12632K [0x0000000082400000, 0x0000000087800000, 0x00000000d6180000)
  object space 86016K, 14% used [0x0000000082400000,0x0000000083056190,0x0000000087800000)
 Metaspace       used 20467K, capacity 20960K, committed 21120K, reserved 1067008K
  class space    used 2471K, capacity 2620K, committed 2688K, reserved 1048576K
}
Event: 3.169 GC heap before
{Heap before GC invocations=5 (full 0):
 PSYoungGen      total 136192K, used 21086K [0x00000000d6180000, 0x00000000deb80000, 0x0000000100000000)
  eden space 131072K, 12% used [0x00000000d6180000,0x00000000d7119a20,0x00000000de180000)
  from space 5120K, 99% used [0x00000000de680000,0x00000000deb7e030,0x00000000deb80000)
  to   space 5120K, 0% used [0x00000000de180000,0x00000000de180000,0x00000000de680000)
 ParOldGen       total 86016K, used 12632K [0x0000000082400000, 0x0000000087800000, 0x00000000d6180000)
  object space 86016K, 14% used [0x0000000082400000,0x0000000083056190,0x0000000087800000)
 Metaspace       used 20666K, capacity 21152K, committed 21296K, reserved 1069056K
  class space    used 2485K, capacity 2620K, committed 2688K, reserved 1048576K
Event: 3.179 GC heap after
Heap after GC invocations=5 (full 0):
 PSYoungGen      total 136192K, used 5108K [0x00000000d6180000, 0x00000000deb80000, 0x0000000100000000)
  eden space 131072K, 0% used [0x00000000d6180000,0x00000000d6180000,0x00000000de180000)
  from space 5120K, 99% used [0x00000000de180000,0x00000000de67d218,0x00000000de680000)
  to   space 5120K, 0% used [0x00000000de680000,0x00000000de680000,0x00000000deb80000)
 ParOldGen       total 86016K, used 19967K [0x0000000082400000, 0x0000000087800000, 0x00000000d6180000)
  object space 86016K, 23% used [0x0000000082400000,0x000000008377fc68,0x0000000087800000)
 Metaspace       used 20666K, capacity 21152K, committed 21296K, reserved 1069056K
  class space    used 2485K, capacity 2620K, committed 2688K, reserved 1048576K
}
Event: 3.179 GC heap before
{Heap before GC invocations=6 (full 1):
 PSYoungGen      total 136192K, used 5108K [0x00000000d6180000, 0x00000000deb80000, 0x0000000100000000)
  eden space 131072K, 0% used [0x00000000d6180000,0x00000000d6180000,0x00000000de180000)
  from space 5120K, 99% used [0x00000000de180000,0x00000000de67d218,0x00000000de680000)
  to   space 5120K, 0% used [0x00000000de680000,0x00000000de680000,0x00000000deb80000)
 ParOldGen       total 86016K, used 19967K [0x0000000082400000, 0x0000000087800000, 0x00000000d6180000)
  object space 86016K, 23% used [0x0000000082400000,0x000000008377fc68,0x0000000087800000)
 Metaspace       used 20666K, capacity 21152K, committed 21296K, reserved 1069056K
  class space    used 2485K, capacity 2620K, committed 2688K, reserved 1048576K
Event: 3.231 GC heap after
Heap after GC invocations=6 (full 1):
 PSYoungGen      total 136192K, used 0K [0x00000000d6180000, 0x00000000deb80000, 0x0000000100000000)
  eden space 131072K, 0% used [0x00000000d6180000,0x00000000d6180000,0x00000000de180000)
  from space 5120K, 0% used [0x00000000de180000,0x00000000de180000,0x00000000de680000)
  to   space 5120K, 0% used [0x00000000de680000,0x00000000de680000,0x00000000deb80000)
 ParOldGen       total 72704K, used 17916K [0x0000000082400000, 0x0000000086b00000, 0x00000000d6180000)
  object space 72704K, 24% used [0x0000000082400000,0x000000008357f1c0,0x0000000086b00000)
 Metaspace       used 20666K, capacity 21152K, committed 21296K, reserved 1069056K
  class space    used 2485K, capacity 2620K, committed 2688K, reserved 1048576K
}

Deoptimization events (10 events):
Event: 3.767 Thread 0x0000000002b02800 Uncommon trap: reason=unstable_if action=reinterpret pc=0x00000000037a6b6c method=org.codehaus.plexus.classworlds.realm.Entry.matches(Ljava/lang/String;)Z @ 150
Event: 3.853 Thread 0x0000000002b02800 Uncommon trap: reason=unstable_if action=reinterpret pc=0x0000000003788d48 method=java.util.Properties.load0(Ljava/util/Properties$LineReader;)V @ 80
Event: 3.853 Thread 0x0000000002b02800 Uncommon trap: reason=unstable_if action=reinterpret pc=0x00000000037421a8 method=java.util.Properties.load0(Ljava/util/Properties$LineReader;)V @ 80
Event: 3.854 Thread 0x0000000002b02800 Uncommon trap: reason=unstable_if action=reinterpret pc=0x0000000003a50738 method=org.codehaus.plexus.classworlds.realm.Entry.matches(Ljava/lang/String;)Z @ 20
Event: 3.858 Thread 0x0000000002b02800 Uncommon trap: reason=unstable_if action=reinterpret pc=0x0000000003873a3c method=java.lang.CharacterDataLatin1.isJavaIdentifierPart(I)Z @ 11
Event: 3.883 Thread 0x0000000002b02800 Uncommon trap: reason=unstable_if action=reinterpret pc=0x0000000003566300 method=java.util.Properties$LineReader.readLine()I @ 200
Event: 3.884 Thread 0x0000000002b02800 Uncommon trap: reason=unstable_if action=reinterpret pc=0x000000000351cdcc method=java.util.Properties$LineReader.readLine()I @ 323
Event: 3.884 Thread 0x0000000002b02800 Uncommon trap: reason=unstable_if action=reinterpret pc=0x00000000035095dc method=java.util.Properties.loadConvert([CII[C)Ljava/lang/String; @ 4
Event: 3.899 Thread 0x0000000002b02800 Uncommon trap: reason=unstable_if action=reinterpret pc=0x00000000032cc180 method=java.util.LinkedHashMap.get(Ljava/lang/Object;)Ljava/lang/Object; @ 20
Event: 3.905 Thread 0x0000000002b02800 Uncommon trap: reason=class_check action=maybe_recompile pc=0x00000000039b0c14 method=java.util.AbstractList$Itr.hasNext()Z @ 8

Classes redefined (0 events):
No events

Internal exceptions (10 events):
Event: 1.069 Thread 0x0000000002b02800 Exception <a 'java/lang/NullPointerException'> (0x00000000d6ccfb70) thrown at [C:\re\workspace\8-2-build-windows-amd64-cygwin\jdk8u162\10278\hotspot\src\share\vm\interpreter\linkResolver.cpp, line 1185]
Event: 1.316 Thread 0x0000000002b02800 Implicit null exception at 0x000000000331932e to 0x000000000331a649
Event: 1.338 Thread 0x0000000002b02800 Implicit null exception at 0x00000000030bf755 to 0x00000000030bf951
Event: 1.338 Thread 0x0000000002b02800 Implicit null exception at 0x000000000303172f to 0x0000000003031799
Event: 1.340 Thread 0x0000000002b02800 Implicit null exception at 0x0000000003314c07 to 0x0000000003315401
Event: 1.340 Thread 0x0000000002b02800 Implicit null exception at 0x0000000003173e3b to 0x0000000003174401
Event: 2.764 Thread 0x0000000002b02800 Exception <a 'java/lang/ClassNotFoundException': com/sun/tools/javac/api/JavacTool> (0x00000000d9111f50) thrown at [C:\re\workspace\8-2-build-windows-amd64-cygwin\jdk8u162\10278\hotspot\src\share\vm\classfile\systemDictionary.cpp, line 210]
Event: 3.091 Thread 0x0000000002b02800 Exception <a 'java/io/FileNotFoundException'> (0x00000000d66dcbc8) thrown at [C:\re\workspace\8-2-build-windows-amd64-cygwin\jdk8u162\10278\hotspot\src\share\vm\prims\jni.cpp, line 709]
Event: 3.095 Thread 0x0000000002b02800 Exception <a 'java/io/FileNotFoundException'> (0x00000000d67117c0) thrown at [C:\re\workspace\8-2-build-windows-amd64-cygwin\jdk8u162\10278\hotspot\src\share\vm\prims\jni.cpp, line 709]
Event: 3.883 Thread 0x0000000002b02800 Exception <a 'java/io/FileNotFoundException'> (0x00000000d8bc7148) thrown at [C:\re\workspace\8-2-build-windows-amd64-cygwin\jdk8u162\10278\hotspot\src\share\vm\prims\jni.cpp, line 709]

Events (10 events):
Event: 3.905 loading class java/io/File$TempDirectory done
Event: 3.905 Thread 0x0000000002b02800 Uncommon trap: trap_request=0xffffffde fr.pc=0x00000000039b0c14
Event: 3.905 Thread 0x0000000002b02800 DEOPT PACKING pc=0x00000000039b0c14 sp=0x000000000279d6b0
Event: 3.905 Thread 0x0000000002b02800 DEOPT UNPACKING pc=0x0000000002d2583b sp=0x000000000279d650 mode 2
Event: 3.905 loading class sun/security/provider/SecureRandom$SeederHolder
Event: 3.905 loading class sun/security/provider/SecureRandom$SeederHolder done
Event: 3.905 loading class sun/security/provider/SeedGenerator
Event: 3.906 loading class sun/security/provider/SeedGenerator done
Event: 3.906 loading class sun/security/provider/NativeSeedGenerator
Event: 3.906 loading class sun/security/provider/NativeSeedGenerator done


Dynamic libraries:
0x00007ff75f480000 - 0x00007ff75f4b7000 	D:\program\java\jdk1.8.0\bin\javaw.exe
0x00007ffeb0360000 - 0x00007ffeb0550000 	C:\WINDOWS\SYSTEM32\ntdll.dll
0x00007ffeaf8c0000 - 0x00007ffeaf972000 	C:\WINDOWS\System32\KERNEL32.DLL
0x00007ffead480000 - 0x00007ffead723000 	C:\WINDOWS\System32\KERNELBASE.dll
0x00007ffeafc10000 - 0x00007ffeafcb3000 	C:\WINDOWS\System32\ADVAPI32.dll
0x00007ffeaf6b0000 - 0x00007ffeaf74e000 	C:\WINDOWS\System32\msvcrt.dll
0x00007ffeaec70000 - 0x00007ffeaed07000 	C:\WINDOWS\System32\sechost.dll
0x00007ffeaf1e0000 - 0x00007ffeaf300000 	C:\WINDOWS\System32\RPCRT4.dll
0x00007ffeb0180000 - 0x00007ffeb0314000 	C:\WINDOWS\System32\USER32.dll
0x00007ffead2f0000 - 0x00007ffead311000 	C:\WINDOWS\System32\win32u.dll
0x00007ffeaf750000 - 0x00007ffeaf776000 	C:\WINDOWS\System32\GDI32.dll
0x00007ffead780000 - 0x00007ffead914000 	C:\WINDOWS\System32\gdi32full.dll
0x00007ffead9a0000 - 0x00007ffeada3e000 	C:\WINDOWS\System32\msvcp_win.dll
0x00007ffead380000 - 0x00007ffead47a000 	C:\WINDOWS\System32\ucrtbase.dll
0x00007ffe9c870000 - 0x00007ffe9caf5000 	C:\WINDOWS\WinSxS\amd64_microsoft.windows.common-controls_6595b64144ccf1df_6.0.18362.592_none_e6c0b1911312be02\COMCTL32.dll
0x00007ffeafcc0000 - 0x00007ffeafff6000 	C:\WINDOWS\System32\combase.dll
0x00007ffead920000 - 0x00007ffead9a0000 	C:\WINDOWS\System32\bcryptPrimitives.dll
0x00007ffeae410000 - 0x00007ffeae43e000 	C:\WINDOWS\System32\IMM32.DLL
0x0000000051490000 - 0x0000000051561000 	D:\program\java\jdk1.8.0\jre\bin\msvcr100.dll
0x0000000051760000 - 0x0000000052000000 	D:\program\java\jdk1.8.0\jre\bin\server\jvm.dll
0x00007ffeafc00000 - 0x00007ffeafc08000 	C:\WINDOWS\System32\PSAPI.DLL
0x00007ffeaab90000 - 0x00007ffeaabb4000 	C:\WINDOWS\SYSTEM32\WINMM.dll
0x00007ffea7140000 - 0x00007ffea714a000 	C:\WINDOWS\SYSTEM32\VERSION.dll
0x00007ffe96680000 - 0x00007ffe96689000 	C:\WINDOWS\SYSTEM32\WSOCK32.dll
0x00007ffeaf3b0000 - 0x00007ffeaf41f000 	C:\WINDOWS\System32\WS2_32.dll
0x00007ffeaab60000 - 0x00007ffeaab8d000 	C:\WINDOWS\SYSTEM32\WINMMBASE.dll
0x00007ffead730000 - 0x00007ffead77a000 	C:\WINDOWS\System32\cfgmgr32.dll
0x00000000525c0000 - 0x00000000525cf000 	D:\program\java\jdk1.8.0\jre\bin\verify.dll
0x0000000052590000 - 0x00000000525b9000 	D:\program\java\jdk1.8.0\jre\bin\java.dll
0x0000000052570000 - 0x0000000052586000 	D:\program\java\jdk1.8.0\jre\bin\zip.dll
0x00007ffeae440000 - 0x00007ffeaeb25000 	C:\WINDOWS\System32\SHELL32.dll
0x00007ffeaf430000 - 0x00007ffeaf4d9000 	C:\WINDOWS\System32\shcore.dll
0x00007ffeadbc0000 - 0x00007ffeae33f000 	C:\WINDOWS\System32\windows.storage.dll
0x00007ffead2d0000 - 0x00007ffead2ef000 	C:\WINDOWS\System32\profapi.dll
0x00007ffead280000 - 0x00007ffead2ca000 	C:\WINDOWS\System32\powrprof.dll
0x00007ffead230000 - 0x00007ffead240000 	C:\WINDOWS\System32\UMPDC.dll
0x00007ffeaf860000 - 0x00007ffeaf8b2000 	C:\WINDOWS\System32\shlwapi.dll
0x00007ffead260000 - 0x00007ffead271000 	C:\WINDOWS\System32\kernel.appcore.dll
0x00007ffeae340000 - 0x00007ffeae357000 	C:\WINDOWS\System32\cryptsp.dll
0x0000000052550000 - 0x000000005256a000 	D:\program\java\jdk1.8.0\jre\bin\net.dll
0x00007ffeacaa0000 - 0x00007ffeacb07000 	C:\WINDOWS\system32\mswsock.dll
0x0000000052530000 - 0x0000000052541000 	D:\program\java\jdk1.8.0\jre\bin\nio.dll
0x00007ffeac610000 - 0x00007ffeac643000 	C:\WINDOWS\system32\rsaenh.dll
0x00007ffeadb90000 - 0x00007ffeadbb6000 	C:\WINDOWS\System32\bcrypt.dll
0x00007ffead150000 - 0x00007ffead175000 	C:\WINDOWS\SYSTEM32\USERENV.dll
0x00007ffeacc70000 - 0x00007ffeacc7c000 	C:\WINDOWS\SYSTEM32\CRYPTBASE.dll

VM Arguments:
jvm_args: -Dmaven.home=EMBEDDED -Dclassworlds.conf=D:\SSM\.metadata\.plugins\org.eclipse.m2e.launching\launches\m2conf5663728188150767714.tmp -Dmaven.multiModuleProjectDirectory=D:\SSM\e3-order-web -Dfile.encoding=GBK 
java_command: org.codehaus.plexus.classworlds.launcher.Launcher -B -o clean tomcat7:run
java_class_path (initial): /D:/program/eclipse/plugins/org.eclipse.m2e.maven.runtime_1.6.2.20150902-0001/jars/plexus-classworlds-2.5.2.jar
Launcher Type: SUN_STANDARD

Environment Variables:
JAVA_HOME=D:\program\java\jdk1.8.0
CLASSPATH=.;D:\program\java\jdk1.8.0\lib
PATH=D:/program/java/jdk1.8.0/bin/../jre/bin/server;D:/program/java/jdk1.8.0/bin/../jre/bin;D:/program/java/jdk1.8.0/bin/../jre/lib/amd64;D:\Program Files\SuperMap\SuperMap iDesktop 9D\Bin;E:\supermap-iobjectsjava-10.0.0-17523-73237-win-all\Bin;E:\supermap-iobjectsjava-10.0.0-17523-73237-win-all\jre1.6_x64\bin;D:\program\java\jdk1.8.0\bin;C:\Program Files\NVIDIA GPU Computing Toolkit\CUDA\v10.0\bin;C:\Program Files\NVIDIA GPU Computing Toolkit\CUDA\v10.0\libnvvp;C:\Windows\system32;C:\Windows;C:\Windows\System32\Wbem;C:\Windows\System32\WindowsPowerShell\v1.0\;C:\Windows\System32\OpenSSH\;C:\Program Files (x86)\NVIDIA Corporation\PhysX\Common;C:\Program Files (x86)\Intel\Intel(R) Management Engine Components\DAL;C:\Program Files\Intel\Intel(R) Management Engine Components\DAL;C:\Program Files\Intel\WiFi\bin\;C:\Program Files\Common Files\Intel\WirelessCommon\;C:\Program Files\NVIDIA Corporation\NVIDIA NvDLISR;D:\Program Files\nodejs\node_global\node_modules;C:\Program Files (x86)\Microsoft SQL Server\100\Tools\Binn\;C:\Program Files\Microsoft SQL Server\100\Tools\Binn\;C:\Program Files\Microsoft SQL Server\100\DTS\Binn\;C:\Program Files\Microsoft SQL Server\110\Tools\Binn\;D:\Program Files (x86)\nodejs\;C:\ProgramData\chocolatey\bin;D:\Program Files\nodejs\node_global;D:\Program Files\PostgreSQL\9.6\bin;D:\Program Files\PostgreSQL\9.6\lib;E:\file\gradle-4.10.1\bin;E:\file\apache-maven-3.5.4\bin;D:\Program Files\MongoDB\Server\4.2\bin;D:\Program Files\mysql\mysql-5.7.28\bin;D:\Program Files\VisualSVN Server\bin;C:\WINDOWS\system32;C:\WINDOWS;C:\WINDOWS\System32\Wbem;C:\WINDOWS\System32\WindowsPowerShell\v1.0\;C:\WINDOWS\System32\OpenSSH\;C:\Users\ZXK\AppData\Local\Microsoft\WindowsApps;C:\Program Files\JetBrains\PyCharm Community Edition 2019.1.3\bin;;C:\Program Files\NVIDIA Corporation\NVSMI;D:\Program Files\PyCharm 2019.1.3\bin;D:\Program\nodejs\node_global;;C:\Users\ZXK\AppData\Roaming\npm;D:\Users\ZXK\AppData\Local\Programs\Microsoft VS Code\bin;;D:\program\eclipse;
USERNAME=ZXK
OS=Windows_NT
PROCESSOR_IDENTIFIER=Intel64 Family 6 Model 158 Stepping 10, GenuineIntel



---------------  S Y S T E M  ---------------

OS: Windows 10.0 , 64 bit Build 18362 (10.0.18362.329)

CPU:total 12 (initial active 12) (6 cores per cpu, 2 threads per core) family 6 model 158 stepping 10, cmov, cx8, fxsr, mmx, sse, sse2, sse3, ssse3, sse4.1, sse4.2, popcnt, avx, avx2, aes, clmul, erms, 3dnowpref, lzcnt, ht, tsc, tscinvbit, bmi1, bmi2, adx

Memory: 4k page, physical 8235788k(452200k free), swap 25930292k(1900k free)

vm_info: Java HotSpot(TM) 64-Bit Server VM (25.162-b12) for windows-amd64 JRE (1.8.0_162-b12), built on Dec 19 2017 20:00:03 by "java_re" with MS VC++ 10.0 (VS2010)

time: Fri Jan 31 22:33:06 2020
elapsed time: 3 seconds (0d 0h 0m 3s)

